<?xml version="1.0" encoding="UTF-8" standalone="no"?>
<!DOCTYPE log SYSTEM "logger.dtd">
<log>
<record>
  <date>2018-09-18T20:41:49</date>
  <millis>1537321309125</millis>
  <sequence>0</sequence>
  <logger>com.connect4.java</logger>
  <level>INFO</level>
  <class>com.connect4.java.BoardCandidate</class>
  <method>getStatusGrade</method>
  <thread>18</thread>
  <message>Col:0,Grade:14</message>
</record>
<record>
  <date>2018-09-18T20:42:02</date>
  <millis>1537321322087</millis>
  <sequence>1</sequence>
  <logger>com.connect4.java</logger>
  <level>INFO</level>
  <class>com.connect4.java.BoardCandidate</class>
  <method>getStatusGrade</method>
  <thread>18</thread>
  <message>Col:1,Grade:14</message>
</record>
<record>
  <date>2018-09-18T20:42:06</date>
  <millis>1537321326843</millis>
  <sequence>2</sequence>
  <logger>com.connect4.java</logger>
  <level>INFO</level>
  <class>com.connect4.java.BoardCandidate</class>
  <method>getStatusGrade</method>
  <thread>18</thread>
  <message>Col:2,Grade:16</message>
</record>
<record>
  <date>2018-09-18T20:42:09</date>
  <millis>1537321329711</millis>
  <sequence>3</sequence>
  <logger>com.connect4.java</logger>
  <level>INFO</level>
  <class>com.connect4.java.BoardCandidate</class>
  <method>getStatusGrade</method>
  <thread>18</thread>
  <message>Col:3,Grade:20</message>
</record>
<record>
  <date>2018-09-18T20:42:14</date>
  <millis>1537321334043</millis>
  <sequence>4</sequence>
  <logger>com.connect4.java</logger>
  <level>INFO</level>
  <class>com.connect4.java.BoardCandidate</class>
  <method>getStatusGrade</method>
  <thread>18</thread>
  <message>Col:4,Grade:16</message>
</record>
<record>
  <date>2018-09-18T20:42:17</date>
  <millis>1537321337324</millis>
  <sequence>5</sequence>
  <logger>com.connect4.java</logger>
  <level>INFO</level>
  <class>com.connect4.java.BoardCandidate</class>
  <method>getStatusGrade</method>
  <thread>18</thread>
  <message>Col:5,Grade:14</message>
</record>
<record>
  <date>2018-09-18T20:42:19</date>
  <millis>1537321339699</millis>
  <sequence>6</sequence>
  <logger>com.connect4.java</logger>
  <level>INFO</level>
  <class>com.connect4.java.BoardCandidate</class>
  <method>getStatusGrade</method>
  <thread>18</thread>
  <message>Col:6,Grade:14</message>
</record>
